integer->-1
a->(1, 0)
,->-1
b->(2, 0)
,->-1
c->(3, 0)
;->-1
a->(1, 0)
=->-1
;->-1
input_integer->-1
(->-1
b->(2, 0)
)->-1
;->-1
input_integer->-1
(->-1
c->(3, 0)
)->-1
;->-1
int->(1, 1)
;->-1
minimum_number->(2, 1)
=->-1
a->(1, 0)
;->-1
if->-1
(->-1
b->(2, 0)
<->-1
a->(1, 0)
)->-1
{->-1
minimum_number->(2, 1)
=->-1
b->(2, 0)
;->-1
}->-1
if->-1
(->-1
c->(3, 0)
<->-1
minimum_number->(2, 1)
)->-1
{->-1
minimum_number->(2, 1)
=->-1
c->(3, 0)
;->-1
}->-1
print->-1
(->-1
"The minimum number is: "->(4, 0)
+->-1
minimum_number->(2, 1)
)->-1
;->-1
